<?xml version="1.0" encoding="UTF-8"?>
<testsuite name="TaxTest" tests="26" skipped="0" failures="0" errors="0" timestamp="2022-12-05T23:20:05" hostname="DESKTOP-6L6R2VJ" time="0.015">
  <properties/>
  <testcase name="testTaxes[0](-1, false, false, false, false, 0)" classname="TaxTest" time="0.007"/>
  <testcase name="testTaxes[1](-1, true, false, false, false, 150)" classname="TaxTest" time="0.0"/>
  <testcase name="testTaxes[2](0, false, false, false, false, 0)" classname="TaxTest" time="0.0"/>
  <testcase name="testTaxes[3](0, true, false, false, false, 150)" classname="TaxTest" time="0.0"/>
  <testcase name="testTaxes[4](999, false, false, false, false, 150)" classname="TaxTest" time="0.0"/>
  <testcase name="testTaxes[5](1000, false, false, false, false, 150)" classname="TaxTest" time="0.0"/>
  <testcase name="testTaxes[6](1000, false, true, false, false, 160)" classname="TaxTest" time="0.0"/>
  <testcase name="testTaxes[7](1001, false, false, false, false, 160)" classname="TaxTest" time="0.0"/>
  <testcase name="testTaxes[8](1001, false, true, false, false, 170)" classname="TaxTest" time="0.0"/>
  <testcase name="testTaxes[9](1000, false, false, true, false, 250)" classname="TaxTest" time="0.0"/>
  <testcase name="testTaxes[10](1001, false, false, true, false, 260)" classname="TaxTest" time="0.0"/>
  <testcase name="testTaxes[11](9999, false, true, false, false, 1060)" classname="TaxTest" time="0.001"/>
  <testcase name="testTaxes[12](9999, false, false, false, false, 1050)" classname="TaxTest" time="0.0"/>
  <testcase name="testTaxes[13](9999, false, false, true, false, 1150)" classname="TaxTest" time="0.0"/>
  <testcase name="testTaxes[14](10000, false, true, false, false, 1560)" classname="TaxTest" time="0.0"/>
  <testcase name="testTaxes[15](10000, false, true, false, true, 1613)" classname="TaxTest" time="0.0"/>
  <testcase name="testTaxes[16](10000, false, false, true, true, 1708)" classname="TaxTest" time="0.0"/>
  <testcase name="testTaxes[17](10000, false, false, true, false, 1650)" classname="TaxTest" time="0.0"/>
  <testcase name="testTaxes[18](10000, false, false, false, false, 1550)" classname="TaxTest" time="0.0"/>
  <testcase name="testTaxes[19](10000, false, false, false, true, 1603)" classname="TaxTest" time="0.0"/>
  <testcase name="testTaxes[20](10001, false, true, false, false, 1571)" classname="TaxTest" time="0.0"/>
  <testcase name="testTaxes[21](10001, false, true, false, true, 1625)" classname="TaxTest" time="0.0"/>
  <testcase name="testTaxes[22](10001, false, false, true, true, 1719)" classname="TaxTest" time="0.0"/>
  <testcase name="testTaxes[23](10001, false, false, true, false, 1661)" classname="TaxTest" time="0.0"/>
  <testcase name="testTaxes[24](10001, false, false, false, false, 1561)" classname="TaxTest" time="0.001"/>
  <testcase name="testTaxes[25](10001, false, false, false, true, 1614)" classname="TaxTest" time="0.0"/>
  <system-out><![CDATA[	Result fee: 0
	Result fee: 150
	Result fee: 0
	Result fee: 150
	Result fee: 150
	Result fee: 150
	Result fee: 160
	Result fee: 160
	Result fee: 170
	Result fee: 250
	Result fee: 260
	Result fee: 1060
	Result fee: 1050
	Result fee: 1150
	Result fee: 1560
	Result fee: 1613
	Result fee: 1708
	Result fee: 1650
	Result fee: 1550
	Result fee: 1603
	Result fee: 1571
	Result fee: 1625
	Result fee: 1719
	Result fee: 1661
	Result fee: 1561
	Result fee: 1614
]]></system-out>
  <system-err><![CDATA[]]></system-err>
</testsuite>
